2020-04-27T17:12:18+00:00 CRITICAL syntax error, unexpected ';', expecting ']' в /var/www/vadzim/data/www/reactwp.vnetby.net/wp-content/themes/vnet-react/inc/route.php на строке 64

2020-04-27T17:12:18+00:00 CRITICAL syntax error, unexpected ';', expecting ']' в /var/www/vadzim/data/www/reactwp.vnetby.net/wp-content/themes/vnet-react/inc/route.php на строке 64

2020-04-27T17:16:18+00:00 CRITICAL syntax error, unexpected '}' в /var/www/vadzim/data/www/reactwp.vnetby.net/wp-content/themes/vnet-react/inc/route.php на строке 29

2020-04-27T17:16:18+00:00 CRITICAL syntax error, unexpected '}' в /var/www/vadzim/data/www/reactwp.vnetby.net/wp-content/themes/vnet-react/inc/route.php на строке 29

2020-04-27T17:16:35+00:00 CRITICAL syntax error, unexpected '}' в /var/www/vadzim/data/www/reactwp.vnetby.net/wp-content/themes/vnet-react/inc/route.php на строке 29

2020-04-27T17:16:44+00:00 CRITICAL Uncaught Error: Call to undefined function VNET\get_home_page_data() in /var/www/vadzim/data/www/reactwp.vnetby.net/wp-content/themes/vnet-react/inc/ajax-functions.php:81
Stack trace:
#0 /var/www/vadzim/data/www/reactwp.vnetby.net/wp-includes/class-wp-hook.php(287): VNET\ajax_get_page_data('')
#1 /var/www/vadzim/data/www/reactwp.vnetby.net/wp-includes/class-wp-hook.php(311): WP_Hook->apply_filters('', Array)
#2 /var/www/vadzim/data/www/reactwp.vnetby.net/wp-includes/plugin.php(478): WP_Hook->do_action(Array)
#3 /var/www/vadzim/data/www/reactwp.vnetby.net/wp-admin/admin-ajax.php(175): do_action('wp_ajax_vnet_ge...')
#4 {main}
  thrown в /var/www/vadzim/data/www/reactwp.vnetby.net/wp-content/themes/vnet-react/inc/ajax-functions.php на строке 81

2020-04-27T17:17:00+00:00 CRITICAL Uncaught Error: Call to undefined function VNET\get_home_page_data() in /var/www/vadzim/data/www/reactwp.vnetby.net/wp-content/themes/vnet-react/inc/ajax-functions.php:81
Stack trace:
#0 /var/www/vadzim/data/www/reactwp.vnetby.net/wp-includes/class-wp-hook.php(287): VNET\ajax_get_page_data('')
#1 /var/www/vadzim/data/www/reactwp.vnetby.net/wp-includes/class-wp-hook.php(311): WP_Hook->apply_filters('', Array)
#2 /var/www/vadzim/data/www/reactwp.vnetby.net/wp-includes/plugin.php(478): WP_Hook->do_action(Array)
#3 /var/www/vadzim/data/www/reactwp.vnetby.net/wp-admin/admin-ajax.php(175): do_action('wp_ajax_vnet_ge...')
#4 {main}
  thrown в /var/www/vadzim/data/www/reactwp.vnetby.net/wp-content/themes/vnet-react/inc/ajax-functions.php на строке 81

2020-04-27T17:32:13+00:00 CRITICAL syntax error, unexpected ';', expecting ']' в /var/www/vadzim/data/www/reactwp.vnetby.net/wp-content/themes/vnet-react/inc/route.php на строке 56

2020-04-27T17:32:13+00:00 CRITICAL syntax error, unexpected ';', expecting ']' в /var/www/vadzim/data/www/reactwp.vnetby.net/wp-content/themes/vnet-react/inc/route.php на строке 56

